<?xml version="1.0" encoding="UTF-8"?>
<!-- Generated by org.testng.reporters.JUnitXMLReporter -->
<testsuite ignored="0" hostname="DESKTOP-JOQGUVP" failures="0" tests="8" name="LoginTest" time="57.519" errors="0" timestamp="2021-09-24T20:16:10 IST">
  <testcase classname="com.hrm.qa.testcases.LoginPageTest" name="loginPageTitleTest" time="0.016"/>
  <testcase classname="com.hrm.qa.testcases.LoginPageTest" name="crmLogoImageTest" time="0.07"/>
  <testcase classname="com.hrm.qa.testcases.LoginPageTest" name="validateLogin" time="0.81"/>
  <testcase classname="com.hrm.qa.testcases.LoginPageTest" name="validateLogin" time="1.33"/>
  <testcase classname="com.hrm.qa.testcases.LoginPageTest" name="validateLogin" time="1.023"/>
  <testcase classname="com.hrm.qa.testcases.LoginPageTest" name="validateLogin" time="3.721"/>
  <testcase classname="com.hrm.qa.testcases.HomePageTest" name="verifyHomePageTitleTest" time="0.005"/>
  <testcase classname="com.hrm.qa.testcases.HomePageTest" name="verifyUserTab" time="1.832"/>
</testsuite> <!-- LoginTest -->
