<?xml version="1.0" encoding="UTF-8"?>
<!-- Generated by org.testng.reporters.JUnitXMLReporter -->
<testsuite ignored="0" hostname="DESKTOP-JOQGUVP" failures="0" tests="6" name="LoginTest" time="51.864" errors="0" timestamp="2021-09-24T13:33:02 IST">
  <testcase classname="com.hrm.qa.testcases.LoginPageTest" name="loginPageTitleTest" time="0.017"/>
  <testcase classname="com.hrm.qa.testcases.LoginPageTest" name="crmLogoImageTest" time="0.068"/>
  <testcase classname="com.hrm.qa.testcases.LoginPageTest" name="validateLogin" time="1.023"/>
  <testcase classname="com.hrm.qa.testcases.LoginPageTest" name="validateLogin" time="1.438"/>
  <testcase classname="com.hrm.qa.testcases.LoginPageTest" name="validateLogin" time="0.961"/>
  <testcase classname="com.hrm.qa.testcases.LoginPageTest" name="validateLogin" time="4.298"/>
</testsuite> <!-- LoginTest -->
