<?xml version="1.0" encoding="UTF-8"?>
<testng-results ignored="0" total="8" passed="8" failed="0" skipped="0">
  <reporter-output>
  </reporter-output>
  <suite started-at="2021-09-24T20:15:12 IST" name="Suite" finished-at="2021-09-24T20:16:10 IST" duration-ms="57519">
    <groups>
    </groups>
    <test started-at="2021-09-24T20:15:12 IST" name="LoginTest" finished-at="2021-09-24T20:16:10 IST" duration-ms="57519">
      <class name="com.hrm.qa.testcases.LoginPageTest">
        <test-method is-config="true" signature="setUp()[pri:0, instance:com.hrm.qa.testcases.LoginPageTest@5403f35f]" started-at="2021-09-24T20:15:12 IST" name="setUp" finished-at="2021-09-24T20:15:17 IST" duration-ms="4564" status="PASS">
          <reporter-output>
          </reporter-output>
        </test-method> <!-- setUp -->
        <test-method signature="loginPageTitleTest()[pri:1, instance:com.hrm.qa.testcases.LoginPageTest@5403f35f]" started-at="2021-09-24T20:15:17 IST" name="loginPageTitleTest" finished-at="2021-09-24T20:15:17 IST" duration-ms="16" status="PASS">
          <reporter-output>
          </reporter-output>
        </test-method> <!-- loginPageTitleTest -->
        <test-method is-config="true" signature="tearDown()[pri:0, instance:com.hrm.qa.testcases.LoginPageTest@5403f35f]" started-at="2021-09-24T20:15:17 IST" name="tearDown" finished-at="2021-09-24T20:15:18 IST" duration-ms="1161" status="PASS">
          <reporter-output>
          </reporter-output>
        </test-method> <!-- tearDown -->
        <test-method is-config="true" signature="setUp()[pri:0, instance:com.hrm.qa.testcases.LoginPageTest@5403f35f]" started-at="2021-09-24T20:15:18 IST" name="setUp" finished-at="2021-09-24T20:15:22 IST" duration-ms="4299" status="PASS">
          <reporter-output>
          </reporter-output>
        </test-method> <!-- setUp -->
        <test-method signature="crmLogoImageTest()[pri:2, instance:com.hrm.qa.testcases.LoginPageTest@5403f35f]" started-at="2021-09-24T20:15:22 IST" name="crmLogoImageTest" finished-at="2021-09-24T20:15:22 IST" duration-ms="70" status="PASS">
          <reporter-output>
          </reporter-output>
        </test-method> <!-- crmLogoImageTest -->
        <test-method is-config="true" signature="tearDown()[pri:0, instance:com.hrm.qa.testcases.LoginPageTest@5403f35f]" started-at="2021-09-24T20:15:22 IST" name="tearDown" finished-at="2021-09-24T20:15:23 IST" duration-ms="1150" status="PASS">
          <reporter-output>
          </reporter-output>
        </test-method> <!-- tearDown -->
        <test-method is-config="true" signature="setUp()[pri:0, instance:com.hrm.qa.testcases.LoginPageTest@5403f35f]" started-at="2021-09-24T20:15:24 IST" name="setUp" finished-at="2021-09-24T20:15:28 IST" duration-ms="3838" status="PASS">
          <reporter-output>
          </reporter-output>
        </test-method> <!-- setUp -->
        <test-method signature="validateLogin(java.lang.String,java.lang.String,java.lang.String)[pri:3, instance:com.hrm.qa.testcases.LoginPageTest@5403f35f]" started-at="2021-09-24T20:15:28 IST" name="validateLogin" data-provider="getCRMTestData" finished-at="2021-09-24T20:15:29 IST" duration-ms="810" status="PASS">
          <params>
            <param index="0">
              <value>
                <![CDATA[Incorrect Username & Correct Password]]>
              </value>
            </param>
            <param index="1">
              <value>
                <![CDATA[ketan]]>
              </value>
            </param>
            <param index="2">
              <value>
                <![CDATA[admin123]]>
              </value>
            </param>
          </params>
          <reporter-output>
          </reporter-output>
        </test-method> <!-- validateLogin -->
        <test-method is-config="true" signature="tearDown()[pri:0, instance:com.hrm.qa.testcases.LoginPageTest@5403f35f]" started-at="2021-09-24T20:15:29 IST" name="tearDown" finished-at="2021-09-24T20:15:30 IST" duration-ms="1194" status="PASS">
          <reporter-output>
          </reporter-output>
        </test-method> <!-- tearDown -->
        <test-method is-config="true" signature="setUp()[pri:0, instance:com.hrm.qa.testcases.LoginPageTest@5403f35f]" started-at="2021-09-24T20:15:30 IST" name="setUp" finished-at="2021-09-24T20:15:34 IST" duration-ms="4046" status="PASS">
          <reporter-output>
          </reporter-output>
        </test-method> <!-- setUp -->
        <test-method signature="validateLogin(java.lang.String,java.lang.String,java.lang.String)[pri:3, instance:com.hrm.qa.testcases.LoginPageTest@5403f35f]" started-at="2021-09-24T20:15:34 IST" name="validateLogin" data-provider="getCRMTestData" finished-at="2021-09-24T20:15:35 IST" duration-ms="1330" status="PASS">
          <params>
            <param index="0">
              <value>
                <![CDATA[Corret Username & Incorrect password]]>
              </value>
            </param>
            <param index="1">
              <value>
                <![CDATA[Admin]]>
              </value>
            </param>
            <param index="2">
              <value>
                <![CDATA[sky]]>
              </value>
            </param>
          </params>
          <reporter-output>
          </reporter-output>
        </test-method> <!-- validateLogin -->
        <test-method is-config="true" signature="tearDown()[pri:0, instance:com.hrm.qa.testcases.LoginPageTest@5403f35f]" started-at="2021-09-24T20:15:35 IST" name="tearDown" finished-at="2021-09-24T20:15:36 IST" duration-ms="1153" status="PASS">
          <reporter-output>
          </reporter-output>
        </test-method> <!-- tearDown -->
        <test-method is-config="true" signature="setUp()[pri:0, instance:com.hrm.qa.testcases.LoginPageTest@5403f35f]" started-at="2021-09-24T20:15:36 IST" name="setUp" finished-at="2021-09-24T20:15:40 IST" duration-ms="3933" status="PASS">
          <reporter-output>
          </reporter-output>
        </test-method> <!-- setUp -->
        <test-method signature="validateLogin(java.lang.String,java.lang.String,java.lang.String)[pri:3, instance:com.hrm.qa.testcases.LoginPageTest@5403f35f]" started-at="2021-09-24T20:15:40 IST" name="validateLogin" data-provider="getCRMTestData" finished-at="2021-09-24T20:15:41 IST" duration-ms="1023" status="PASS">
          <params>
            <param index="0">
              <value>
                <![CDATA[Both are Incorrect]]>
              </value>
            </param>
            <param index="1">
              <value>
                <![CDATA[blue]]>
              </value>
            </param>
            <param index="2">
              <value>
                <![CDATA[red]]>
              </value>
            </param>
          </params>
          <reporter-output>
          </reporter-output>
        </test-method> <!-- validateLogin -->
        <test-method is-config="true" signature="tearDown()[pri:0, instance:com.hrm.qa.testcases.LoginPageTest@5403f35f]" started-at="2021-09-24T20:15:41 IST" name="tearDown" finished-at="2021-09-24T20:15:42 IST" duration-ms="1171" status="PASS">
          <reporter-output>
          </reporter-output>
        </test-method> <!-- tearDown -->
        <test-method is-config="true" signature="setUp()[pri:0, instance:com.hrm.qa.testcases.LoginPageTest@5403f35f]" started-at="2021-09-24T20:15:42 IST" name="setUp" finished-at="2021-09-24T20:15:46 IST" duration-ms="3874" status="PASS">
          <reporter-output>
          </reporter-output>
        </test-method> <!-- setUp -->
        <test-method signature="validateLogin(java.lang.String,java.lang.String,java.lang.String)[pri:3, instance:com.hrm.qa.testcases.LoginPageTest@5403f35f]" started-at="2021-09-24T20:15:46 IST" name="validateLogin" data-provider="getCRMTestData" finished-at="2021-09-24T20:15:50 IST" duration-ms="3721" status="PASS">
          <params>
            <param index="0">
              <value>
                <![CDATA[Both are Correct]]>
              </value>
            </param>
            <param index="1">
              <value>
                <![CDATA[Admin]]>
              </value>
            </param>
            <param index="2">
              <value>
                <![CDATA[admin123]]>
              </value>
            </param>
          </params>
          <reporter-output>
          </reporter-output>
        </test-method> <!-- validateLogin -->
        <test-method is-config="true" signature="tearDown()[pri:0, instance:com.hrm.qa.testcases.LoginPageTest@5403f35f]" started-at="2021-09-24T20:15:50 IST" name="tearDown" finished-at="2021-09-24T20:15:51 IST" duration-ms="1156" status="PASS">
          <reporter-output>
          </reporter-output>
        </test-method> <!-- tearDown -->
      </class> <!-- com.hrm.qa.testcases.LoginPageTest -->
      <class name="com.hrm.qa.testcases.HomePageTest">
        <test-method is-config="true" signature="setUp()[pri:0, instance:com.hrm.qa.testcases.HomePageTest@7c24b813]" started-at="2021-09-24T20:15:51 IST" name="setUp" finished-at="2021-09-24T20:15:58 IST" duration-ms="6900" status="PASS">
          <reporter-output>
          </reporter-output>
        </test-method> <!-- setUp -->
        <test-method signature="verifyHomePageTitleTest()[pri:1, instance:com.hrm.qa.testcases.HomePageTest@7c24b813]" started-at="2021-09-24T20:15:58 IST" name="verifyHomePageTitleTest" finished-at="2021-09-24T20:15:58 IST" duration-ms="5" status="PASS">
          <reporter-output>
          </reporter-output>
        </test-method> <!-- verifyHomePageTitleTest -->
        <test-method is-config="true" signature="tearDown()[pri:0, instance:com.hrm.qa.testcases.HomePageTest@7c24b813]" started-at="2021-09-24T20:15:58 IST" name="tearDown" finished-at="2021-09-24T20:15:59 IST" duration-ms="1168" status="PASS">
          <reporter-output>
          </reporter-output>
        </test-method> <!-- tearDown -->
        <test-method is-config="true" signature="setUp()[pri:0, instance:com.hrm.qa.testcases.HomePageTest@7c24b813]" started-at="2021-09-24T20:15:59 IST" name="setUp" finished-at="2021-09-24T20:16:07 IST" duration-ms="7277" status="PASS">
          <reporter-output>
          </reporter-output>
        </test-method> <!-- setUp -->
        <test-method signature="verifyUserTab()[pri:2, instance:com.hrm.qa.testcases.HomePageTest@7c24b813]" started-at="2021-09-24T20:16:07 IST" name="verifyUserTab" finished-at="2021-09-24T20:16:08 IST" duration-ms="1832" status="PASS">
          <reporter-output>
          </reporter-output>
        </test-method> <!-- verifyUserTab -->
        <test-method is-config="true" signature="tearDown()[pri:0, instance:com.hrm.qa.testcases.HomePageTest@7c24b813]" started-at="2021-09-24T20:16:08 IST" name="tearDown" finished-at="2021-09-24T20:16:10 IST" duration-ms="1166" status="PASS">
          <reporter-output>
          </reporter-output>
        </test-method> <!-- tearDown -->
      </class> <!-- com.hrm.qa.testcases.HomePageTest -->
    </test> <!-- LoginTest -->
  </suite> <!-- Suite -->
</testng-results>
