<?xml version="1.0" encoding="UTF-8"?>
<testng-results ignored="0" total="8" passed="8" failed="0" skipped="0">
  <reporter-output>
  </reporter-output>
  <suite started-at="2021-09-24T17:59:04 IST" name="Suite" finished-at="2021-09-24T18:00:03 IST" duration-ms="58748">
    <groups>
    </groups>
    <test started-at="2021-09-24T17:59:04 IST" name="LoginTest" finished-at="2021-09-24T18:00:03 IST" duration-ms="58748">
      <class name="com.hrm.qa.testcases.LoginPageTest">
        <test-method is-config="true" signature="setUp()[pri:0, instance:com.hrm.qa.testcases.LoginPageTest@5403f35f]" started-at="2021-09-24T17:59:04 IST" name="setUp" finished-at="2021-09-24T17:59:09 IST" duration-ms="4565" status="PASS">
          <reporter-output>
          </reporter-output>
        </test-method> <!-- setUp -->
        <test-method signature="loginPageTitleTest()[pri:1, instance:com.hrm.qa.testcases.LoginPageTest@5403f35f]" started-at="2021-09-24T17:59:09 IST" name="loginPageTitleTest" finished-at="2021-09-24T17:59:09 IST" duration-ms="28" status="PASS">
          <reporter-output>
          </reporter-output>
        </test-method> <!-- loginPageTitleTest -->
        <test-method is-config="true" signature="tearDown()[pri:0, instance:com.hrm.qa.testcases.LoginPageTest@5403f35f]" started-at="2021-09-24T17:59:09 IST" name="tearDown" finished-at="2021-09-24T17:59:10 IST" duration-ms="1178" status="PASS">
          <reporter-output>
          </reporter-output>
        </test-method> <!-- tearDown -->
        <test-method is-config="true" signature="setUp()[pri:0, instance:com.hrm.qa.testcases.LoginPageTest@5403f35f]" started-at="2021-09-24T17:59:10 IST" name="setUp" finished-at="2021-09-24T17:59:14 IST" duration-ms="3923" status="PASS">
          <reporter-output>
          </reporter-output>
        </test-method> <!-- setUp -->
        <test-method signature="crmLogoImageTest()[pri:2, instance:com.hrm.qa.testcases.LoginPageTest@5403f35f]" started-at="2021-09-24T17:59:14 IST" name="crmLogoImageTest" finished-at="2021-09-24T17:59:14 IST" duration-ms="72" status="PASS">
          <reporter-output>
          </reporter-output>
        </test-method> <!-- crmLogoImageTest -->
        <test-method is-config="true" signature="tearDown()[pri:0, instance:com.hrm.qa.testcases.LoginPageTest@5403f35f]" started-at="2021-09-24T17:59:14 IST" name="tearDown" finished-at="2021-09-24T17:59:15 IST" duration-ms="1144" status="PASS">
          <reporter-output>
          </reporter-output>
        </test-method> <!-- tearDown -->
        <test-method is-config="true" signature="setUp()[pri:0, instance:com.hrm.qa.testcases.LoginPageTest@5403f35f]" started-at="2021-09-24T17:59:16 IST" name="setUp" finished-at="2021-09-24T17:59:20 IST" duration-ms="4412" status="PASS">
          <reporter-output>
          </reporter-output>
        </test-method> <!-- setUp -->
        <test-method signature="validateLogin(java.lang.String,java.lang.String,java.lang.String)[pri:3, instance:com.hrm.qa.testcases.LoginPageTest@5403f35f]" started-at="2021-09-24T17:59:20 IST" name="validateLogin" data-provider="getCRMTestData" finished-at="2021-09-24T17:59:21 IST" duration-ms="880" status="PASS">
          <params>
            <param index="0">
              <value>
                <![CDATA[Incorrect Username & Correct Password]]>
              </value>
            </param>
            <param index="1">
              <value>
                <![CDATA[ketan]]>
              </value>
            </param>
            <param index="2">
              <value>
                <![CDATA[admin123]]>
              </value>
            </param>
          </params>
          <reporter-output>
          </reporter-output>
        </test-method> <!-- validateLogin -->
        <test-method is-config="true" signature="tearDown()[pri:0, instance:com.hrm.qa.testcases.LoginPageTest@5403f35f]" started-at="2021-09-24T17:59:21 IST" name="tearDown" finished-at="2021-09-24T17:59:22 IST" duration-ms="1150" status="PASS">
          <reporter-output>
          </reporter-output>
        </test-method> <!-- tearDown -->
        <test-method is-config="true" signature="setUp()[pri:0, instance:com.hrm.qa.testcases.LoginPageTest@5403f35f]" started-at="2021-09-24T17:59:22 IST" name="setUp" finished-at="2021-09-24T17:59:26 IST" duration-ms="3984" status="PASS">
          <reporter-output>
          </reporter-output>
        </test-method> <!-- setUp -->
        <test-method signature="validateLogin(java.lang.String,java.lang.String,java.lang.String)[pri:3, instance:com.hrm.qa.testcases.LoginPageTest@5403f35f]" started-at="2021-09-24T17:59:26 IST" name="validateLogin" data-provider="getCRMTestData" finished-at="2021-09-24T17:59:28 IST" duration-ms="1145" status="PASS">
          <params>
            <param index="0">
              <value>
                <![CDATA[Corret Username & Incorrect password]]>
              </value>
            </param>
            <param index="1">
              <value>
                <![CDATA[Admin]]>
              </value>
            </param>
            <param index="2">
              <value>
                <![CDATA[sky]]>
              </value>
            </param>
          </params>
          <reporter-output>
          </reporter-output>
        </test-method> <!-- validateLogin -->
        <test-method is-config="true" signature="tearDown()[pri:0, instance:com.hrm.qa.testcases.LoginPageTest@5403f35f]" started-at="2021-09-24T17:59:28 IST" name="tearDown" finished-at="2021-09-24T17:59:29 IST" duration-ms="1147" status="PASS">
          <reporter-output>
          </reporter-output>
        </test-method> <!-- tearDown -->
        <test-method is-config="true" signature="setUp()[pri:0, instance:com.hrm.qa.testcases.LoginPageTest@5403f35f]" started-at="2021-09-24T17:59:29 IST" name="setUp" finished-at="2021-09-24T17:59:33 IST" duration-ms="4044" status="PASS">
          <reporter-output>
          </reporter-output>
        </test-method> <!-- setUp -->
        <test-method signature="validateLogin(java.lang.String,java.lang.String,java.lang.String)[pri:3, instance:com.hrm.qa.testcases.LoginPageTest@5403f35f]" started-at="2021-09-24T17:59:33 IST" name="validateLogin" data-provider="getCRMTestData" finished-at="2021-09-24T17:59:34 IST" duration-ms="789" status="PASS">
          <params>
            <param index="0">
              <value>
                <![CDATA[Both are Incorrect]]>
              </value>
            </param>
            <param index="1">
              <value>
                <![CDATA[blue]]>
              </value>
            </param>
            <param index="2">
              <value>
                <![CDATA[red]]>
              </value>
            </param>
          </params>
          <reporter-output>
          </reporter-output>
        </test-method> <!-- validateLogin -->
        <test-method is-config="true" signature="tearDown()[pri:0, instance:com.hrm.qa.testcases.LoginPageTest@5403f35f]" started-at="2021-09-24T17:59:34 IST" name="tearDown" finished-at="2021-09-24T17:59:35 IST" duration-ms="1142" status="PASS">
          <reporter-output>
          </reporter-output>
        </test-method> <!-- tearDown -->
        <test-method is-config="true" signature="setUp()[pri:0, instance:com.hrm.qa.testcases.LoginPageTest@5403f35f]" started-at="2021-09-24T17:59:35 IST" name="setUp" finished-at="2021-09-24T17:59:39 IST" duration-ms="3871" status="PASS">
          <reporter-output>
          </reporter-output>
        </test-method> <!-- setUp -->
        <test-method signature="validateLogin(java.lang.String,java.lang.String,java.lang.String)[pri:3, instance:com.hrm.qa.testcases.LoginPageTest@5403f35f]" started-at="2021-09-24T17:59:39 IST" name="validateLogin" data-provider="getCRMTestData" finished-at="2021-09-24T17:59:42 IST" duration-ms="3479" status="PASS">
          <params>
            <param index="0">
              <value>
                <![CDATA[Both are Correct]]>
              </value>
            </param>
            <param index="1">
              <value>
                <![CDATA[Admin]]>
              </value>
            </param>
            <param index="2">
              <value>
                <![CDATA[admin123]]>
              </value>
            </param>
          </params>
          <reporter-output>
          </reporter-output>
        </test-method> <!-- validateLogin -->
        <test-method is-config="true" signature="tearDown()[pri:0, instance:com.hrm.qa.testcases.LoginPageTest@5403f35f]" started-at="2021-09-24T17:59:42 IST" name="tearDown" finished-at="2021-09-24T17:59:43 IST" duration-ms="1193" status="PASS">
          <reporter-output>
          </reporter-output>
        </test-method> <!-- tearDown -->
      </class> <!-- com.hrm.qa.testcases.LoginPageTest -->
      <class name="com.hrm.qa.testcases.HomePageTest">
        <test-method is-config="true" signature="setUp()[pri:0, instance:com.hrm.qa.testcases.HomePageTest@7c24b813]" started-at="2021-09-24T17:59:43 IST" name="setUp" finished-at="2021-09-24T17:59:51 IST" duration-ms="7886" status="PASS">
          <reporter-output>
          </reporter-output>
        </test-method> <!-- setUp -->
        <test-method signature="verifyHomePageTitleTest()[pri:1, instance:com.hrm.qa.testcases.HomePageTest@7c24b813]" started-at="2021-09-24T17:59:51 IST" name="verifyHomePageTitleTest" finished-at="2021-09-24T17:59:51 IST" duration-ms="6" status="PASS">
          <reporter-output>
          </reporter-output>
        </test-method> <!-- verifyHomePageTitleTest -->
        <test-method is-config="true" signature="tearDown()[pri:0, instance:com.hrm.qa.testcases.HomePageTest@7c24b813]" started-at="2021-09-24T17:59:51 IST" name="tearDown" finished-at="2021-09-24T17:59:52 IST" duration-ms="1164" status="PASS">
          <reporter-output>
          </reporter-output>
        </test-method> <!-- tearDown -->
        <test-method is-config="true" signature="setUp()[pri:0, instance:com.hrm.qa.testcases.HomePageTest@7c24b813]" started-at="2021-09-24T17:59:52 IST" name="setUp" finished-at="2021-09-24T18:00:00 IST" duration-ms="7854" status="PASS">
          <reporter-output>
          </reporter-output>
        </test-method> <!-- setUp -->
        <test-method signature="verifyUserTab()[pri:2, instance:com.hrm.qa.testcases.HomePageTest@7c24b813]" started-at="2021-09-24T18:00:00 IST" name="verifyUserTab" finished-at="2021-09-24T18:00:02 IST" duration-ms="1723" status="PASS">
          <reporter-output>
          </reporter-output>
        </test-method> <!-- verifyUserTab -->
        <test-method is-config="true" signature="tearDown()[pri:0, instance:com.hrm.qa.testcases.HomePageTest@7c24b813]" started-at="2021-09-24T18:00:02 IST" name="tearDown" finished-at="2021-09-24T18:00:03 IST" duration-ms="1147" status="PASS">
          <reporter-output>
          </reporter-output>
        </test-method> <!-- tearDown -->
      </class> <!-- com.hrm.qa.testcases.HomePageTest -->
    </test> <!-- LoginTest -->
  </suite> <!-- Suite -->
</testng-results>
